<?xml version="1.0" encoding="UTF-8"?>
<testng-results ignored="0" total="3" passed="3" failed="0" skipped="0">
  <reporter-output>
  </reporter-output>
  <suite started-at="2023-12-10T09:20:48 IST" name="Default suite" finished-at="2023-12-10T09:22:34 IST" duration-ms="106498">
    <groups>
      <group name="cucumber">
        <method signature="AbstractTestNGCucumberTests.runScenario(io.cucumber.testng.PickleWrapper,io.cucumber.testng.FeatureWrapper)[pri:0, instance:hookStepRunner.Runner@4afcd809]" name="runScenario" class="io.cucumber.testng.AbstractTestNGCucumberTests"/>
      </group> <!-- cucumber -->
    </groups>
    <test started-at="2023-12-10T09:20:48 IST" name="Default test" finished-at="2023-12-10T09:22:34 IST" duration-ms="106498">
      <class name="hookStepRunner.Runner">
        <test-method is-config="true" signature="setUpClass(org.testng.ITestContext)[pri:0, instance:hookStepRunner.Runner@4afcd809]" started-at="2023-12-10T09:20:48 IST" name="setUpClass" finished-at="2023-12-10T09:20:49 IST" duration-ms="1036" status="PASS">
          <params>
            <param index="0">
              <value>
                <![CDATA[org.testng.TestRunner@5e1d03d7]]>
              </value>
            </param>
          </params>
          <reporter-output>
          </reporter-output>
        </test-method> <!-- setUpClass -->
        <test-method signature="runScenario(io.cucumber.testng.PickleWrapper,io.cucumber.testng.FeatureWrapper)[pri:0, instance:hookStepRunner.Runner@4afcd809]" started-at="2023-12-10T09:20:49 IST" name="runScenario" description="Runs Cucumber Scenarios" data-provider="scenarios" finished-at="2023-12-10T09:21:47 IST" duration-ms="58150" status="PASS">
          <params>
            <param index="0">
              <value>
                <![CDATA["Title Verification"]]>
              </value>
            </param>
            <param index="1">
              <value>
                <![CDATA["Verification of Automation Exercise in Level_1"]]>
              </value>
            </param>
          </params>
          <reporter-output>
          </reporter-output>
        </test-method> <!-- runScenario -->
        <test-method signature="runScenario(io.cucumber.testng.PickleWrapper,io.cucumber.testng.FeatureWrapper)[pri:0, instance:hookStepRunner.Runner@4afcd809]" started-at="2023-12-10T09:21:47 IST" name="runScenario" description="Runs Cucumber Scenarios" data-provider="scenarios" finished-at="2023-12-10T09:22:06 IST" duration-ms="19215" status="PASS">
          <params>
            <param index="0">
              <value>
                <![CDATA["Cart link verification"]]>
              </value>
            </param>
            <param index="1">
              <value>
                <![CDATA["Verification of Automation Exercise in Level_1"]]>
              </value>
            </param>
          </params>
          <reporter-output>
          </reporter-output>
        </test-method> <!-- runScenario -->
        <test-method signature="runScenario(io.cucumber.testng.PickleWrapper,io.cucumber.testng.FeatureWrapper)[pri:0, instance:hookStepRunner.Runner@4afcd809]" started-at="2023-12-10T09:22:06 IST" name="runScenario" description="Runs Cucumber Scenarios" data-provider="scenarios" finished-at="2023-12-10T09:22:34 IST" duration-ms="27879" status="PASS">
          <params>
            <param index="0">
              <value>
                <![CDATA["Verify user should able to login Automation Exercise portal"]]>
              </value>
            </param>
            <param index="1">
              <value>
                <![CDATA["Verification of Automation Exercise in Level_1"]]>
              </value>
            </param>
          </params>
          <reporter-output>
          </reporter-output>
        </test-method> <!-- runScenario -->
        <test-method is-config="true" signature="tearDownClass()[pri:0, instance:hookStepRunner.Runner@4afcd809]" started-at="2023-12-10T09:22:34 IST" name="tearDownClass" finished-at="2023-12-10T09:22:34 IST" duration-ms="71" status="PASS">
          <reporter-output>
          </reporter-output>
        </test-method> <!-- tearDownClass -->
      </class> <!-- hookStepRunner.Runner -->
    </test> <!-- Default test -->
  </suite> <!-- Default suite -->
</testng-results>
